<?xml version="1.0" encoding="UTF-8"?>
<testng-results ignored="0" total="2" passed="2" failed="0" skipped="0">
  <reporter-output>
  </reporter-output>
  <suite started-at="2025-07-31T19:10:57 IST" name="Suite" finished-at="2025-07-31T19:11:15 IST" duration-ms="18287">
    <groups>
      <group name="Master">
        <method signature="TC_001AccountRegisterTest.verify_regestationpage()[pri:0, instance:testcases.TC_001AccountRegisterTest@16c63f5]" name="verify_regestationpage" class="testcases.TC_001AccountRegisterTest"/>
        <method signature="TC_002LoginTest.verify_login()[pri:0, instance:testcases.TC_002LoginTest@2eee3069]" name="verify_login" class="testcases.TC_002LoginTest"/>
      </group> <!-- Master -->
      <group name="Regression">
        <method signature="TC_002LoginTest.verify_login()[pri:0, instance:testcases.TC_002LoginTest@2eee3069]" name="verify_login" class="testcases.TC_002LoginTest"/>
      </group> <!-- Regression -->
      <group name="sanity">
        <method signature="TC_001AccountRegisterTest.verify_regestationpage()[pri:0, instance:testcases.TC_001AccountRegisterTest@16c63f5]" name="verify_regestationpage" class="testcases.TC_001AccountRegisterTest"/>
      </group> <!-- sanity -->
    </groups>
    <test started-at="2025-07-31T19:10:57 IST" name="Test" finished-at="2025-07-31T19:11:15 IST" duration-ms="18287">
      <class name="testcases.TC_001AccountRegisterTest">
        <test-method is-config="true" signature="setup(java.lang.String,java.lang.String)[pri:0, instance:testcases.TC_001AccountRegisterTest@16c63f5]" started-at="2025-07-31T19:10:57 IST" name="setup" finished-at="2025-07-31T19:11:04 IST" duration-ms="7318" status="PASS">
          <params>
            <param index="0">
              <value>
                <![CDATA[Windows]]>
              </value>
            </param>
            <param index="1">
              <value>
                <![CDATA[edge]]>
              </value>
            </param>
          </params>
          <reporter-output>
          </reporter-output>
        </test-method> <!-- setup -->
        <test-method signature="verify_regestationpage()[pri:0, instance:testcases.TC_001AccountRegisterTest@16c63f5]" started-at="2025-07-31T19:11:04 IST" name="verify_regestationpage" finished-at="2025-07-31T19:11:06 IST" duration-ms="1679" status="PASS">
          <reporter-output>
          </reporter-output>
        </test-method> <!-- verify_regestationpage -->
        <test-method is-config="true" signature="teardown()[pri:0, instance:testcases.TC_001AccountRegisterTest@16c63f5]" started-at="2025-07-31T19:11:06 IST" name="teardown" finished-at="2025-07-31T19:11:06 IST" duration-ms="235" status="PASS">
          <reporter-output>
          </reporter-output>
        </test-method> <!-- teardown -->
      </class> <!-- testcases.TC_001AccountRegisterTest -->
      <class name="testcases.TC_002LoginTest">
        <test-method is-config="true" signature="setup(java.lang.String,java.lang.String)[pri:0, instance:testcases.TC_002LoginTest@2eee3069]" started-at="2025-07-31T19:11:06 IST" name="setup" finished-at="2025-07-31T19:11:13 IST" duration-ms="7270" status="PASS">
          <params>
            <param index="0">
              <value>
                <![CDATA[Windows]]>
              </value>
            </param>
            <param index="1">
              <value>
                <![CDATA[edge]]>
              </value>
            </param>
          </params>
          <reporter-output>
          </reporter-output>
        </test-method> <!-- setup -->
        <test-method signature="verify_login()[pri:0, instance:testcases.TC_002LoginTest@2eee3069]" started-at="2025-07-31T19:11:13 IST" name="verify_login" finished-at="2025-07-31T19:11:15 IST" duration-ms="1443" status="PASS">
          <reporter-output>
          </reporter-output>
        </test-method> <!-- verify_login -->
        <test-method is-config="true" signature="teardown()[pri:0, instance:testcases.TC_002LoginTest@2eee3069]" started-at="2025-07-31T19:11:15 IST" name="teardown" finished-at="2025-07-31T19:11:15 IST" duration-ms="203" status="PASS">
          <reporter-output>
          </reporter-output>
        </test-method> <!-- teardown -->
      </class> <!-- testcases.TC_002LoginTest -->
    </test> <!-- Test -->
  </suite> <!-- Suite -->
</testng-results>
