<?xml version="1.0" encoding="UTF-8"?>
<testng-results ignored="0" total="2" passed="2" failed="0" skipped="0">
  <reporter-output>
  </reporter-output>
  <suite started-at="2025-07-14T09:59:01 IST" name="Suite" finished-at="2025-07-14T09:59:19 IST" duration-ms="18031">
    <groups>
      <group name="Master">
        <method signature="TC_001AccountRegisterTest.verify_regestationpage()[pri:0, instance:testcases.TC_001AccountRegisterTest@5b068087]" name="verify_regestationpage" class="testcases.TC_001AccountRegisterTest"/>
        <method signature="TC_002LoginTest.verify_login()[pri:0, instance:testcases.TC_002LoginTest@8692d67]" name="verify_login" class="testcases.TC_002LoginTest"/>
      </group> <!-- Master -->
      <group name="Regression">
        <method signature="TC_002LoginTest.verify_login()[pri:0, instance:testcases.TC_002LoginTest@8692d67]" name="verify_login" class="testcases.TC_002LoginTest"/>
      </group> <!-- Regression -->
      <group name="sanity">
        <method signature="TC_001AccountRegisterTest.verify_regestationpage()[pri:0, instance:testcases.TC_001AccountRegisterTest@5b068087]" name="verify_regestationpage" class="testcases.TC_001AccountRegisterTest"/>
      </group> <!-- sanity -->
    </groups>
    <test started-at="2025-07-14T09:59:01 IST" name="Test" finished-at="2025-07-14T09:59:19 IST" duration-ms="18031">
      <class name="testcases.TC_001AccountRegisterTest">
        <test-method is-config="true" signature="setup(java.lang.String,java.lang.String)[pri:0, instance:testcases.TC_001AccountRegisterTest@5b068087]" started-at="2025-07-14T09:59:01 IST" name="setup" finished-at="2025-07-14T09:59:08 IST" duration-ms="7520" status="PASS">
          <params>
            <param index="0">
              <value>
                <![CDATA[Windows]]>
              </value>
            </param>
            <param index="1">
              <value>
                <![CDATA[edge]]>
              </value>
            </param>
          </params>
          <reporter-output>
          </reporter-output>
        </test-method> <!-- setup -->
        <test-method signature="verify_regestationpage()[pri:0, instance:testcases.TC_001AccountRegisterTest@5b068087]" started-at="2025-07-14T09:59:08 IST" name="verify_regestationpage" finished-at="2025-07-14T09:59:10 IST" duration-ms="1983" status="PASS">
          <reporter-output>
          </reporter-output>
        </test-method> <!-- verify_regestationpage -->
        <test-method is-config="true" signature="teardown()[pri:0, instance:testcases.TC_001AccountRegisterTest@5b068087]" started-at="2025-07-14T09:59:10 IST" name="teardown" finished-at="2025-07-14T09:59:11 IST" duration-ms="200" status="PASS">
          <reporter-output>
          </reporter-output>
        </test-method> <!-- teardown -->
      </class> <!-- testcases.TC_001AccountRegisterTest -->
      <class name="testcases.TC_002LoginTest">
        <test-method is-config="true" signature="setup(java.lang.String,java.lang.String)[pri:0, instance:testcases.TC_002LoginTest@8692d67]" started-at="2025-07-14T09:59:11 IST" name="setup" finished-at="2025-07-14T09:59:17 IST" duration-ms="6637" status="PASS">
          <params>
            <param index="0">
              <value>
                <![CDATA[Windows]]>
              </value>
            </param>
            <param index="1">
              <value>
                <![CDATA[edge]]>
              </value>
            </param>
          </params>
          <reporter-output>
          </reporter-output>
        </test-method> <!-- setup -->
        <test-method signature="verify_login()[pri:0, instance:testcases.TC_002LoginTest@8692d67]" started-at="2025-07-14T09:59:17 IST" name="verify_login" finished-at="2025-07-14T09:59:19 IST" duration-ms="1342" status="PASS">
          <reporter-output>
          </reporter-output>
        </test-method> <!-- verify_login -->
        <test-method is-config="true" signature="teardown()[pri:0, instance:testcases.TC_002LoginTest@8692d67]" started-at="2025-07-14T09:59:19 IST" name="teardown" finished-at="2025-07-14T09:59:19 IST" duration-ms="187" status="PASS">
          <reporter-output>
          </reporter-output>
        </test-method> <!-- teardown -->
      </class> <!-- testcases.TC_002LoginTest -->
    </test> <!-- Test -->
  </suite> <!-- Suite -->
</testng-results>
